# JRE version: Java(TM) SE Runtime Environment (23.0+37) (build 23+37-2369)
# Java VM: Java HotSpot(TM) 64-Bit Server VM (23+37-2369, mixed mode, sharing, tiered, compressed oops, compressed class ptrs, g1 gc, windows-amd64)
GC Precious Log:
 CardTable entry size: 512
 Card Set container configuration: InlinePtr #cards 4 size 8 Array Of Cards #cards 16 size 48 Howl #buckets 8 coarsen threshold 3686 Howl Bitmap #cards 512 size 80 coarsen threshold 460 Card regions per heap region 1 cards per card region 4096
 CPUs: 12 total, 12 available
 Memory: 16068M
 Large Page Support: Disabled
 NUMA Support: Disabled
 Compressed Oops: Enabled (Zero based)
 Heap Region Size: 2M
 Heap Min Capacity: 8M
 Heap Initial Capacity: 252M
 Heap Max Capacity: 4018M
 Pre-touch: Disabled
 Parallel Workers: 10
 Concurrent Workers: 3
 Concurrent Refinement Workers: 10
 Periodic GC: Disabled
Heap:
 garbage-first heap   total reserved 4114432K, committed 964608K, used 274447K [0x0000000704e00000, 0x0000000800000000)
  region size 2048K, 27 young (55296K), 1 survivors (2048K)
 Metaspace       used 89660K, committed 90112K, reserved 1179648K
  class space    used 8741K, committed 8960K, reserved 1048576K
GC Heap History (20 events):
Event: 303.581 GC heap before
{Heap before GC invocations=73 (full 22):
 garbage-first heap   total reserved 4114432K, committed 458752K, used 205826K [0x0000000704e00000, 0x0000000800000000)
  region size 2048K, 0 young (0K), 0 survivors (0K)
 Metaspace       used 89553K, committed 89984K, reserved 1179648K
  class space    used 8730K, committed 8960K, reserved 1048576K
}
Event: 303.674 GC heap after
{Heap after GC invocations=74 (full 23):
 garbage-first heap   total reserved 4114432K, committed 458752K, used 205826K [0x0000000704e00000, 0x0000000800000000)
  region size 2048K, 0 young (0K), 0 survivors (0K)
 Metaspace       used 89553K, committed 89984K, reserved 1179648K
  class space    used 8730K, committed 8960K, reserved 1048576K
}
Event: 303.818 GC heap before
{Heap before GC invocations=74 (full 23):
 garbage-first heap   total reserved 4114432K, committed 458752K, used 205826K [0x0000000704e00000, 0x0000000800000000)
  region size 2048K, 0 young (0K), 0 survivors (0K)
 Metaspace       used 89553K, committed 89984K, reserved 1179648K
  class space    used 8730K, committed 8960K, reserved 1048576K
}
Event: 303.896 GC heap after
{Heap after GC invocations=75 (full 24):
 garbage-first heap   total reserved 4114432K, committed 458752K, used 205826K [0x0000000704e00000, 0x0000000800000000)
  region size 2048K, 0 young (0K), 0 survivors (0K)
 Metaspace       used 89553K, committed 89984K, reserved 1179648K
  class space    used 8730K, committed 8960K, reserved 1048576K
}
Event: 303.920 GC heap before
{Heap before GC invocations=75 (full 24):
 garbage-first heap   total reserved 4114432K, committed 458752K, used 205826K [0x0000000704e00000, 0x0000000800000000)
  region size 2048K, 0 young (0K), 0 survivors (0K)
 Metaspace       used 89553K, committed 89984K, reserved 1179648K
  class space    used 8730K, committed 8960K, reserved 1048576K
}
Event: 304.011 GC heap after
{Heap after GC invocations=76 (full 25):
 garbage-first heap   total reserved 4114432K, committed 458752K, used 205826K [0x0000000704e00000, 0x0000000800000000)
  region size 2048K, 0 young (0K), 0 survivors (0K)
 Metaspace       used 89553K, committed 89984K, reserved 1179648K
  class space    used 8730K, committed 8960K, reserved 1048576K
}
Event: 304.037 GC heap before
{Heap before GC invocations=76 (full 25):
 garbage-first heap   total reserved 4114432K, committed 458752K, used 205826K [0x0000000704e00000, 0x0000000800000000)
  region size 2048K, 0 young (0K), 0 survivors (0K)
 Metaspace       used 89553K, committed 89984K, reserved 1179648K
  class space    used 8730K, committed 8960K, reserved 1048576K
}
Event: 304.107 GC heap after
{Heap after GC invocations=77 (full 26):
 garbage-first heap   total reserved 4114432K, committed 458752K, used 205826K [0x0000000704e00000, 0x0000000800000000)
  region size 2048K, 0 young (0K), 0 survivors (0K)
 Metaspace       used 89553K, committed 89984K, reserved 1179648K
  class space    used 8730K, committed 8960K, reserved 1048576K
}
Event: 305.437 GC heap before
{Heap before GC invocations=77 (full 26):
 garbage-first heap   total reserved 4114432K, committed 458752K, used 205826K [0x0000000704e00000, 0x0000000800000000)
  region size 2048K, 0 young (0K), 0 survivors (0K)
 Metaspace       used 89553K, committed 89984K, reserved 1179648K
  class space    used 8730K, committed 8960K, reserved 1048576K
}
Event: 305.502 GC heap after
{Heap after GC invocations=78 (full 27):
 garbage-first heap   total reserved 4114432K, committed 458752K, used 205826K [0x0000000704e00000, 0x0000000800000000)
  region size 2048K, 0 young (0K), 0 survivors (0K)
 Metaspace       used 89553K, committed 89984K, reserved 1179648K
  class space    used 8730K, committed 8960K, reserved 1048576K
}
Event: 305.528 GC heap before
{Heap before GC invocations=78 (full 27):
 garbage-first heap   total reserved 4114432K, committed 458752K, used 205826K [0x0000000704e00000, 0x0000000800000000)
  region size 2048K, 0 young (0K), 0 survivors (0K)
 Metaspace       used 89553K, committed 89984K, reserved 1179648K
  class space    used 8730K, committed 8960K, reserved 1048576K
}
Event: 305.601 GC heap after
{Heap after GC invocations=79 (full 28):
 garbage-first heap   total reserved 4114432K, committed 458752K, used 205826K [0x0000000704e00000, 0x0000000800000000)
  region size 2048K, 0 young (0K), 0 survivors (0K)
 Metaspace       used 89553K, committed 89984K, reserved 1179648K
  class space    used 8730K, committed 8960K, reserved 1048576K
}
Event: 305.625 GC heap before
{Heap before GC invocations=79 (full 28):
 garbage-first heap   total reserved 4114432K, committed 458752K, used 205826K [0x0000000704e00000, 0x0000000800000000)
  region size 2048K, 0 young (0K), 0 survivors (0K)
 Metaspace       used 89553K, committed 89984K, reserved 1179648K
  class space    used 8730K, committed 8960K, reserved 1048576K
}
Event: 305.701 GC heap after
{Heap after GC invocations=80 (full 29):
 garbage-first heap   total reserved 4114432K, committed 458752K, used 205826K [0x0000000704e00000, 0x0000000800000000)
  region size 2048K, 0 young (0K), 0 survivors (0K)
 Metaspace       used 89553K, committed 89984K, reserved 1179648K
  class space    used 8730K, committed 8960K, reserved 1048576K
}
Event: 305.767 GC heap before
{Heap before GC invocations=80 (full 29):
 garbage-first heap   total reserved 4114432K, committed 458752K, used 205826K [0x0000000704e00000, 0x0000000800000000)
  region size 2048K, 0 young (0K), 0 survivors (0K)
 Metaspace       used 89553K, committed 89984K, reserved 1179648K
  class space    used 8730K, committed 8960K, reserved 1048576K
}
Event: 305.840 GC heap after
{Heap after GC invocations=81 (full 30):
 garbage-first heap   total reserved 4114432K, committed 458752K, used 205826K [0x0000000704e00000, 0x0000000800000000)
  region size 2048K, 0 young (0K), 0 survivors (0K)
 Metaspace       used 89553K, committed 89984K, reserved 1179648K
  class space    used 8730K, committed 8960K, reserved 1048576K
}
Event: 343.641 GC heap before
{Heap before GC invocations=81 (full 30):
 garbage-first heap   total reserved 4114432K, committed 458752K, used 259074K [0x0000000704e00000, 0x0000000800000000)
  region size 2048K, 27 young (55296K), 0 survivors (0K)
 Metaspace       used 89654K, committed 90112K, reserved 1179648K
  class space    used 8741K, committed 8960K, reserved 1048576K
}
Event: 344.558 GC heap after
{Heap after GC invocations=82 (full 30):
 garbage-first heap   total reserved 4114432K, committed 964608K, used 214589K [0x0000000704e00000, 0x0000000800000000)
  region size 2048K, 5 young (10240K), 5 survivors (10240K)
 Metaspace       used 89654K, committed 90112K, reserved 1179648K
  class space    used 8741K, committed 8960K, reserved 1048576K
}
Event: 345.142 GC heap before
{Heap before GC invocations=82 (full 30):
 garbage-first heap   total reserved 4114432K, committed 964608K, used 271933K [0x0000000704e00000, 0x0000000800000000)
  region size 2048K, 23 young (47104K), 5 survivors (10240K)
 Metaspace       used 89654K, committed 90112K, reserved 1179648K
  class space    used 8741K, committed 8960K, reserved 1048576K
}
Event: 346.060 GC heap after
{Heap after GC invocations=83 (full 30):
 garbage-first heap   total reserved 4114432K, committed 964608K, used 222468K [0x0000000704e00000, 0x0000000800000000)
  region size 2048K, 3 young (6144K), 3 survivors (6144K)
 Metaspace       used 89654K, committed 90112K, reserved 1179648K
  class space    used 8741K, committed 8960K, reserved 1048576K
}

